<?xml version="1.0" encoding="UTF-8"?>
<!-- Generated by org.testng.reporters.JUnitReportReporter -->
<testsuite skipped="0" hostname="ccc005-PC" name="com.test.jdbc.DBTest" tests="2" failures="0" timestamp="16 Oct 2017 06:28:38 GMT" time="6.220" errors="0">
  <testcase name="DBqueryTest" time="6.072" classname="com.test.jdbc.DBTest"/>
  <testcase name="DBupdateTest" time="0.148" classname="com.test.jdbc.DBTest"/>
</testsuite> <!-- com.test.jdbc.DBTest -->
